
Log started: 2019-04-06  14:14:43
Selecting previously unselected package gdbm.
(Reading database ... (Reading database ... 25%(Reading database ... 40%(Reading database ... 55%(Reading database ... 70%(Reading database ... 85%(Reading database ... 100%(Reading database ... 416 files and directories currently installed.)
Preparing to unpack .../0-gdbm_1.18.1_i686.deb ...
Unpacking gdbm (1.18.1) ...
Selecting previously unselected package libcrypt.
Preparing to unpack .../1-libcrypt_0.2-1_i686.deb ...
Unpacking libcrypt (0.2-1) ...
Selecting previously unselected package libffi.
Preparing to unpack .../2-libffi_3.2.1-2_i686.deb ...
Unpacking libffi (3.2.1-2) ...
Selecting previously unselected package libsqlite.
Preparing to unpack .../3-libsqlite_3.27.2_i686.deb ...
Unpacking libsqlite (3.27.2) ...
Selecting previously unselected package libutil.
Preparing to unpack .../4-libutil_0.4_i686.deb ...
Unpacking libutil (0.4) ...
Selecting previously unselected package ncurses-ui-libs.
Preparing to unpack .../5-ncurses-ui-libs_6.1.20181117-1_i686.deb ...
Unpacking ncurses-ui-libs (6.1.20181117-1) ...
Selecting previously unselected package python.
Preparing to unpack .../6-python_3.7.3_i686.deb ...
Unpacking python (3.7.3) ...
Setting up libutil (0.4) ...
Setting up ncurses-ui-libs (6.1.20181117-1) ...
Setting up gdbm (1.18.1) ...
Setting up libcrypt (0.2-1) ...
Setting up libsqlite (3.27.2) ...
Setting up libffi (3.2.1-2) ...
Setting up python (3.7.3) ...
Setting up pip...
Looking in links: /data/data/com.termux/files/usr/tmp/tmpybw9uc34
Collecting setuptools
Collecting pip
Installing collected packages: setuptools, pip
Successfully installed pip-19.0.3 setuptools-40.8.0
Log ended: 2019-04-06  14:14:54
